{"C:\\Users\\Admin\\Desktop\\Vite\\project\\src\\App.tsx": {"path":"C:\\Users\\Admin\\Desktop\\Vite\\project\\src\\App.tsx","all":true,"statementMap":{"2":{"start":{"line":3,"column":0},"end":{"line":3,"column":44}},"3":{"start":{"line":4,"column":0},"end":{"line":4,"column":19}},"4":{"start":{"line":5,"column":0},"end":{"line":5,"column":67}},"5":{"start":{"line":6,"column":0},"end":{"line":6,"column":34}},"7":{"start":{"line":8,"column":0},"end":{"line":8,"column":16}},"9":{"start":{"line":10,"column":0},"end":{"line":10,"column":54}},"10":{"start":{"line":11,"column":0},"end":{"line":11,"column":19}},"11":{"start":{"line":12,"column":0},"end":{"line":12,"column":39}},"12":{"start":{"line":13,"column":0},"end":{"line":13,"column":11}},"13":{"start":{"line":14,"column":0},"end":{"line":14,"column":45}},"14":{"start":{"line":15,"column":0},"end":{"line":15,"column":45}},"15":{"start":{"line":16,"column":0},"end":{"line":16,"column":23}},"16":{"start":{"line":17,"column":0},"end":{"line":17,"column":54}},"17":{"start":{"line":18,"column":0},"end":{"line":18,"column":7}},"18":{"start":{"line":19,"column":0},"end":{"line":19,"column":5}},"19":{"start":{"line":20,"column":0},"end":{"line":20,"column":23}},"20":{"start":{"line":21,"column":0},"end":{"line":21,"column":9}},"21":{"start":{"line":22,"column":0},"end":{"line":22,"column":63}},"22":{"start":{"line":23,"column":0},"end":{"line":23,"column":10}},"23":{"start":{"line":24,"column":0},"end":{"line":24,"column":6}},"24":{"start":{"line":25,"column":0},"end":{"line":25,"column":28}},"25":{"start":{"line":26,"column":0},"end":{"line":26,"column":7}},"27":{"start":{"line":28,"column":0},"end":{"line":28,"column":1}},"29":{"start":{"line":30,"column":0},"end":{"line":30,"column":19}}},"s":{"2":0,"3":0,"4":0,"5":0,"7":0,"9":0,"10":0,"11":0,"12":0,"13":0,"14":0,"15":0,"16":0,"17":0,"18":0,"19":0,"20":0,"21":0,"22":0,"23":0,"24":0,"25":0,"27":0,"29":0},"branchMap":{"0":{"type":"branch","line":1,"loc":{"start":{"line":1,"column":832},"end":{"line":30,"column":19}},"locations":[{"start":{"line":1,"column":832},"end":{"line":30,"column":19}}]}},"b":{"0":[1]},"fnMap":{"0":{"name":"(empty-report)","decl":{"start":{"line":1,"column":832},"end":{"line":30,"column":19}},"loc":{"start":{"line":1,"column":832},"end":{"line":30,"column":19}},"line":1}},"f":{"0":1}}
,"C:\\Users\\Admin\\Desktop\\Vite\\project\\src\\main.tsx": {"path":"C:\\Users\\Admin\\Desktop\\Vite\\project\\src\\main.tsx","all":true,"statementMap":{"0":{"start":{"line":1,"column":0},"end":{"line":1,"column":34}},"1":{"start":{"line":2,"column":0},"end":{"line":2,"column":45}},"2":{"start":{"line":3,"column":0},"end":{"line":3,"column":20}},"3":{"start":{"line":4,"column":0},"end":{"line":4,"column":27}},"5":{"start":{"line":6,"column":0},"end":{"line":6,"column":52}},"6":{"start":{"line":7,"column":0},"end":{"line":7,"column":14}},"7":{"start":{"line":8,"column":0},"end":{"line":8,"column":11}},"8":{"start":{"line":9,"column":0},"end":{"line":9,"column":16}},"9":{"start":{"line":10,"column":0},"end":{"line":10,"column":1}}},"s":{"0":0,"1":0,"2":0,"3":0,"5":0,"6":0,"7":0,"8":0,"9":0},"branchMap":{"0":{"type":"branch","line":1,"loc":{"start":{"line":1,"column":203},"end":{"line":10,"column":-148}},"locations":[{"start":{"line":1,"column":203},"end":{"line":10,"column":-148}}]}},"b":{"0":[0]},"fnMap":{"0":{"name":"(empty-report)","decl":{"start":{"line":1,"column":203},"end":{"line":10,"column":-148}},"loc":{"start":{"line":1,"column":203},"end":{"line":10,"column":-148}},"line":1}},"f":{"0":0}}
,"C:\\Users\\Admin\\Desktop\\Vite\\project\\src\\api\\api.ts": {"path":"C:\\Users\\Admin\\Desktop\\Vite\\project\\src\\api\\api.ts","all":false,"statementMap":{"0":{"start":{"line":1,"column":0},"end":{"line":1,"column":26}},"4":{"start":{"line":5,"column":0},"end":{"line":5,"column":71}},"7":{"start":{"line":8,"column":0},"end":{"line":8,"column":53}},"9":{"start":{"line":10,"column":0},"end":{"line":10,"column":26}},"10":{"start":{"line":11,"column":0},"end":{"line":11,"column":19}},"11":{"start":{"line":12,"column":0},"end":{"line":12,"column":3}},"14":{"start":{"line":15,"column":0},"end":{"line":15,"column":42}},"15":{"start":{"line":16,"column":0},"end":{"line":16,"column":27}},"16":{"start":{"line":17,"column":0},"end":{"line":17,"column":14}},"17":{"start":{"line":18,"column":0},"end":{"line":18,"column":53}},"18":{"start":{"line":19,"column":0},"end":{"line":19,"column":3}},"19":{"start":{"line":20,"column":0},"end":{"line":20,"column":16}},"20":{"start":{"line":21,"column":0},"end":{"line":21,"column":3}},"23":{"start":{"line":24,"column":0},"end":{"line":24,"column":68}},"25":{"start":{"line":26,"column":0},"end":{"line":26,"column":36}},"26":{"start":{"line":27,"column":0},"end":{"line":27,"column":23}},"27":{"start":{"line":28,"column":0},"end":{"line":28,"column":25}},"28":{"start":{"line":29,"column":0},"end":{"line":29,"column":15}},"29":{"start":{"line":30,"column":0},"end":{"line":30,"column":15}},"30":{"start":{"line":31,"column":0},"end":{"line":31,"column":7}},"31":{"start":{"line":32,"column":0},"end":{"line":32,"column":5}},"32":{"start":{"line":33,"column":0},"end":{"line":33,"column":71}},"33":{"start":{"line":34,"column":0},"end":{"line":34,"column":5}},"34":{"start":{"line":35,"column":0},"end":{"line":35,"column":4}},"35":{"start":{"line":36,"column":0},"end":{"line":36,"column":41}},"36":{"start":{"line":37,"column":0},"end":{"line":37,"column":28}},"37":{"start":{"line":38,"column":0},"end":{"line":38,"column":46}},"38":{"start":{"line":39,"column":0},"end":{"line":39,"column":22}},"39":{"start":{"line":40,"column":0},"end":{"line":40,"column":2}},"42":{"start":{"line":43,"column":0},"end":{"line":43,"column":37}},"43":{"start":{"line":44,"column":0},"end":{"line":44,"column":43}},"44":{"start":{"line":45,"column":0},"end":{"line":45,"column":30}},"45":{"start":{"line":46,"column":0},"end":{"line":46,"column":23}},"46":{"start":{"line":47,"column":0},"end":{"line":47,"column":2}},"48":{"start":{"line":49,"column":0},"end":{"line":49,"column":49}},"49":{"start":{"line":50,"column":0},"end":{"line":50,"column":50}},"50":{"start":{"line":51,"column":0},"end":{"line":51,"column":23}},"51":{"start":{"line":52,"column":0},"end":{"line":52,"column":2}},"53":{"start":{"line":54,"column":0},"end":{"line":54,"column":61}},"54":{"start":{"line":55,"column":0},"end":{"line":55,"column":55}},"55":{"start":{"line":56,"column":0},"end":{"line":56,"column":23}},"56":{"start":{"line":57,"column":0},"end":{"line":57,"column":2}},"58":{"start":{"line":59,"column":0},"end":{"line":59,"column":49}},"59":{"start":{"line":60,"column":0},"end":{"line":60,"column":52}},"60":{"start":{"line":61,"column":0},"end":{"line":61,"column":23}},"61":{"start":{"line":62,"column":0},"end":{"line":62,"column":2}},"62":{"start":{"line":63,"column":0},"end":{"line":63,"column":67}},"63":{"start":{"line":64,"column":0},"end":{"line":64,"column":75}},"64":{"start":{"line":65,"column":0},"end":{"line":65,"column":32}},"65":{"start":{"line":66,"column":0},"end":{"line":66,"column":23}},"67":{"start":{"line":68,"column":0},"end":{"line":68,"column":1}}},"s":{"0":1,"4":1,"7":1,"9":1,"10":1,"11":1,"14":1,"15":0,"16":0,"17":0,"18":0,"19":0,"20":0,"23":1,"25":0,"26":0,"27":0,"28":0,"29":0,"30":0,"31":0,"32":0,"33":0,"34":0,"35":0,"36":0,"37":0,"38":0,"39":0,"42":1,"43":0,"44":0,"45":0,"46":0,"48":1,"49":0,"50":0,"51":0,"53":1,"54":0,"55":0,"56":0,"58":1,"59":0,"60":0,"61":0,"62":0,"63":0,"64":0,"65":0,"67":0},"branchMap":{},"b":{},"fnMap":{"0":{"name":"getToken","decl":{"start":{"line":8,"column":17},"end":{"line":8,"column":53}},"loc":{"start":{"line":8,"column":17},"end":{"line":8,"column":53}},"line":8},"1":{"name":"login","decl":{"start":{"line":24,"column":21},"end":{"line":40,"column":2}},"loc":{"start":{"line":24,"column":21},"end":{"line":40,"column":2}},"line":24},"2":{"name":"getTasks","decl":{"start":{"line":43,"column":24},"end":{"line":47,"column":2}},"loc":{"start":{"line":43,"column":24},"end":{"line":47,"column":2}},"line":43},"3":{"name":"createTask","decl":{"start":{"line":49,"column":26},"end":{"line":52,"column":2}},"loc":{"start":{"line":49,"column":26},"end":{"line":52,"column":2}},"line":49},"4":{"name":"updateTask","decl":{"start":{"line":54,"column":26},"end":{"line":57,"column":2}},"loc":{"start":{"line":54,"column":26},"end":{"line":57,"column":2}},"line":54},"5":{"name":"deleteTask","decl":{"start":{"line":59,"column":26},"end":{"line":62,"column":2}},"loc":{"start":{"line":59,"column":26},"end":{"line":62,"column":2}},"line":59},"6":{"name":"patchStatus","decl":{"start":{"line":63,"column":0},"end":{"line":68,"column":1}},"loc":{"start":{"line":63,"column":0},"end":{"line":68,"column":1}},"line":63}},"f":{"0":0,"1":0,"2":0,"3":0,"4":0,"5":0,"6":0}}
,"C:\\Users\\Admin\\Desktop\\Vite\\project\\src\\components\\AddTask.tsx": {"path":"C:\\Users\\Admin\\Desktop\\Vite\\project\\src\\components\\AddTask.tsx","all":false,"statementMap":{"0":{"start":{"line":1,"column":0},"end":{"line":1,"column":37}},"3":{"start":{"line":4,"column":0},"end":{"line":4,"column":69}},"4":{"start":{"line":5,"column":0},"end":{"line":5,"column":10}},"5":{"start":{"line":6,"column":0},"end":{"line":6,"column":8}},"6":{"start":{"line":7,"column":0},"end":{"line":7,"column":23}},"7":{"start":{"line":8,"column":0},"end":{"line":8,"column":138}},"9":{"start":{"line":10,"column":0},"end":{"line":10,"column":72}},"10":{"start":{"line":11,"column":0},"end":{"line":11,"column":90}},"11":{"start":{"line":12,"column":0},"end":{"line":12,"column":12}},"12":{"start":{"line":13,"column":0},"end":{"line":13,"column":65}},"13":{"start":{"line":14,"column":0},"end":{"line":14,"column":10}},"15":{"start":{"line":16,"column":0},"end":{"line":16,"column":1}}},"s":{"0":1,"3":1,"4":5,"5":5,"6":5,"7":5,"9":5,"10":5,"11":5,"12":5,"13":5,"15":5},"branchMap":{"0":{"type":"branch","line":4,"loc":{"start":{"line":4,"column":7},"end":{"line":16,"column":1}},"locations":[{"start":{"line":4,"column":7},"end":{"line":16,"column":1}}]}},"b":{"0":[5]},"fnMap":{"0":{"name":"AddTaskPrompt","decl":{"start":{"line":4,"column":7},"end":{"line":16,"column":1}},"loc":{"start":{"line":4,"column":7},"end":{"line":16,"column":1}},"line":4}},"f":{"0":5}}
,"C:\\Users\\Admin\\Desktop\\Vite\\project\\src\\components\\Button.tsx": {"path":"C:\\Users\\Admin\\Desktop\\Vite\\project\\src\\components\\Button.tsx","all":false,"statementMap":{"0":{"start":{"line":1,"column":0},"end":{"line":1,"column":28}},"3":{"start":{"line":4,"column":0},"end":{"line":4,"column":44}},"4":{"start":{"line":5,"column":0},"end":{"line":5,"column":11}},"5":{"start":{"line":6,"column":0},"end":{"line":6,"column":10}},"6":{"start":{"line":7,"column":0},"end":{"line":7,"column":19}},"7":{"start":{"line":8,"column":0},"end":{"line":8,"column":17}},"8":{"start":{"line":9,"column":0},"end":{"line":9,"column":22}},"9":{"start":{"line":10,"column":0},"end":{"line":10,"column":9}},"10":{"start":{"line":11,"column":0},"end":{"line":11,"column":17}},"11":{"start":{"line":12,"column":0},"end":{"line":12,"column":19}},"12":{"start":{"line":13,"column":0},"end":{"line":13,"column":68}},"14":{"start":{"line":15,"column":0},"end":{"line":15,"column":20}},"15":{"start":{"line":16,"column":0},"end":{"line":16,"column":89}},"16":{"start":{"line":17,"column":0},"end":{"line":17,"column":61}},"17":{"start":{"line":18,"column":0},"end":{"line":18,"column":3}},"19":{"start":{"line":20,"column":0},"end":{"line":20,"column":10}},"20":{"start":{"line":21,"column":0},"end":{"line":21,"column":11}},"21":{"start":{"line":22,"column":0},"end":{"line":22,"column":19}},"22":{"start":{"line":23,"column":0},"end":{"line":23,"column":23}},"23":{"start":{"line":24,"column":0},"end":{"line":24,"column":25}},"24":{"start":{"line":25,"column":0},"end":{"line":25,"column":66}},"25":{"start":{"line":26,"column":0},"end":{"line":26,"column":15}},"27":{"start":{"line":28,"column":0},"end":{"line":28,"column":16}},"28":{"start":{"line":29,"column":0},"end":{"line":29,"column":13}},"30":{"start":{"line":31,"column":0},"end":{"line":31,"column":2}}},"s":{"0":1,"3":1,"4":21,"5":21,"6":21,"7":21,"8":21,"9":21,"10":21,"11":21,"12":21,"14":21,"15":21,"16":21,"17":21,"19":21,"20":21,"21":21,"22":21,"23":21,"24":21,"25":21,"27":21,"28":21,"30":21},"branchMap":{"0":{"type":"branch","line":4,"loc":{"start":{"line":4,"column":27},"end":{"line":31,"column":2}},"locations":[{"start":{"line":4,"column":27},"end":{"line":31,"column":2}}]}},"b":{"0":[21]},"fnMap":{"0":{"name":"Button2","decl":{"start":{"line":4,"column":27},"end":{"line":31,"column":2}},"loc":{"start":{"line":4,"column":27},"end":{"line":31,"column":2}},"line":4}},"f":{"0":21}}
,"C:\\Users\\Admin\\Desktop\\Vite\\project\\src\\components\\HighlightedInput.tsx": {"path":"C:\\Users\\Admin\\Desktop\\Vite\\project\\src\\components\\HighlightedInput.tsx","all":false,"statementMap":{"0":{"start":{"line":1,"column":0},"end":{"line":1,"column":75}},"13":{"start":{"line":14,"column":0},"end":{"line":14,"column":90}},"14":{"start":{"line":15,"column":0},"end":{"line":15,"column":87}},"15":{"start":{"line":16,"column":0},"end":{"line":16,"column":54}},"16":{"start":{"line":17,"column":0},"end":{"line":17,"column":58}},"19":{"start":{"line":20,"column":0},"end":{"line":20,"column":37}},"20":{"start":{"line":21,"column":0},"end":{"line":21,"column":20}},"21":{"start":{"line":22,"column":0},"end":{"line":22,"column":34}},"22":{"start":{"line":23,"column":0},"end":{"line":23,"column":38}},"23":{"start":{"line":24,"column":0},"end":{"line":24,"column":9}},"24":{"start":{"line":25,"column":0},"end":{"line":25,"column":7}},"25":{"start":{"line":26,"column":0},"end":{"line":26,"column":8}},"27":{"start":{"line":28,"column":0},"end":{"line":28,"column":53}},"28":{"start":{"line":29,"column":0},"end":{"line":29,"column":36}},"30":{"start":{"line":31,"column":0},"end":{"line":31,"column":79}},"31":{"start":{"line":32,"column":0},"end":{"line":32,"column":59}},"32":{"start":{"line":33,"column":0},"end":{"line":33,"column":43}},"33":{"start":{"line":34,"column":0},"end":{"line":34,"column":43}},"35":{"start":{"line":36,"column":0},"end":{"line":36,"column":32}},"36":{"start":{"line":37,"column":0},"end":{"line":37,"column":31}},"37":{"start":{"line":38,"column":0},"end":{"line":38,"column":30}},"38":{"start":{"line":39,"column":0},"end":{"line":39,"column":30}},"39":{"start":{"line":40,"column":0},"end":{"line":40,"column":17}},"40":{"start":{"line":41,"column":0},"end":{"line":41,"column":21}},"41":{"start":{"line":42,"column":0},"end":{"line":42,"column":64}},"42":{"start":{"line":43,"column":0},"end":{"line":43,"column":9}},"43":{"start":{"line":44,"column":0},"end":{"line":44,"column":17}},"44":{"start":{"line":45,"column":0},"end":{"line":45,"column":19}},"45":{"start":{"line":46,"column":0},"end":{"line":46,"column":62}},"46":{"start":{"line":47,"column":0},"end":{"line":47,"column":9}},"47":{"start":{"line":48,"column":0},"end":{"line":48,"column":17}},"48":{"start":{"line":49,"column":0},"end":{"line":49,"column":23}},"49":{"start":{"line":50,"column":0},"end":{"line":50,"column":65}},"50":{"start":{"line":51,"column":0},"end":{"line":51,"column":9}},"51":{"start":{"line":52,"column":0},"end":{"line":52,"column":17}},"52":{"start":{"line":53,"column":0},"end":{"line":53,"column":23}},"53":{"start":{"line":54,"column":0},"end":{"line":54,"column":66}},"54":{"start":{"line":55,"column":0},"end":{"line":55,"column":9}},"55":{"start":{"line":56,"column":0},"end":{"line":56,"column":31}},"56":{"start":{"line":57,"column":0},"end":{"line":57,"column":33}},"58":{"start":{"line":59,"column":0},"end":{"line":59,"column":27}},"59":{"start":{"line":60,"column":0},"end":{"line":60,"column":6}},"61":{"start":{"line":62,"column":0},"end":{"line":62,"column":30}},"62":{"start":{"line":63,"column":0},"end":{"line":63,"column":56}},"63":{"start":{"line":64,"column":0},"end":{"line":64,"column":71}},"64":{"start":{"line":65,"column":0},"end":{"line":65,"column":73}},"65":{"start":{"line":66,"column":0},"end":{"line":66,"column":7}},"66":{"start":{"line":67,"column":0},"end":{"line":67,"column":6}},"68":{"start":{"line":69,"column":0},"end":{"line":69,"column":40}},"69":{"start":{"line":70,"column":0},"end":{"line":70,"column":32}},"70":{"start":{"line":71,"column":0},"end":{"line":71,"column":50}},"71":{"start":{"line":72,"column":0},"end":{"line":72,"column":83}},"73":{"start":{"line":74,"column":0},"end":{"line":74,"column":35}},"74":{"start":{"line":75,"column":0},"end":{"line":75,"column":86}},"75":{"start":{"line":76,"column":0},"end":{"line":76,"column":9}},"76":{"start":{"line":77,"column":0},"end":{"line":77,"column":7}},"77":{"start":{"line":78,"column":0},"end":{"line":78,"column":6}},"79":{"start":{"line":80,"column":0},"end":{"line":80,"column":21}},"80":{"start":{"line":81,"column":0},"end":{"line":81,"column":29}},"81":{"start":{"line":82,"column":0},"end":{"line":82,"column":33}},"82":{"start":{"line":83,"column":0},"end":{"line":83,"column":46}},"83":{"start":{"line":84,"column":0},"end":{"line":84,"column":40}},"84":{"start":{"line":85,"column":0},"end":{"line":85,"column":64}},"85":{"start":{"line":86,"column":0},"end":{"line":86,"column":7}},"86":{"start":{"line":87,"column":0},"end":{"line":87,"column":29}},"88":{"start":{"line":89,"column":0},"end":{"line":89,"column":12}},"89":{"start":{"line":90,"column":0},"end":{"line":90,"column":47}},"90":{"start":{"line":91,"column":0},"end":{"line":91,"column":12}},"91":{"start":{"line":92,"column":0},"end":{"line":92,"column":28}},"92":{"start":{"line":93,"column":0},"end":{"line":93,"column":111}},"94":{"start":{"line":95,"column":0},"end":{"line":95,"column":28}},"95":{"start":{"line":96,"column":0},"end":{"line":96,"column":10}},"97":{"start":{"line":98,"column":0},"end":{"line":98,"column":17}},"98":{"start":{"line":99,"column":0},"end":{"line":99,"column":27}},"99":{"start":{"line":100,"column":0},"end":{"line":100,"column":23}},"100":{"start":{"line":101,"column":0},"end":{"line":101,"column":52}},"101":{"start":{"line":102,"column":0},"end":{"line":102,"column":31}},"102":{"start":{"line":103,"column":0},"end":{"line":103,"column":35}},"103":{"start":{"line":104,"column":0},"end":{"line":104,"column":92}},"105":{"start":{"line":106,"column":0},"end":{"line":106,"column":18}},"106":{"start":{"line":107,"column":0},"end":{"line":107,"column":28}},"107":{"start":{"line":108,"column":0},"end":{"line":108,"column":10}},"108":{"start":{"line":109,"column":0},"end":{"line":109,"column":12}},"110":{"start":{"line":111,"column":0},"end":{"line":111,"column":3}},"111":{"start":{"line":112,"column":0},"end":{"line":112,"column":2}},"113":{"start":{"line":114,"column":0},"end":{"line":114,"column":50}}},"s":{"0":1,"13":1,"14":1,"15":8,"16":8,"19":8,"20":8,"21":8,"22":8,"23":8,"24":8,"25":8,"27":8,"28":1,"30":1,"31":1,"32":1,"33":1,"35":1,"36":1,"37":1,"38":1,"39":1,"40":1,"41":1,"42":1,"43":1,"44":1,"45":1,"46":1,"47":1,"48":1,"49":1,"50":1,"51":1,"52":1,"53":1,"54":1,"55":1,"56":1,"58":1,"59":1,"61":8,"62":0,"63":0,"64":0,"65":0,"66":0,"68":8,"69":8,"70":8,"71":8,"73":8,"74":8,"75":8,"76":8,"77":8,"79":8,"80":8,"81":8,"82":8,"83":1,"84":7,"85":8,"86":8,"88":8,"89":8,"90":8,"91":8,"92":8,"94":8,"95":8,"97":8,"98":8,"99":8,"100":8,"101":8,"102":8,"103":8,"105":8,"106":8,"107":8,"108":8,"110":8,"111":1,"113":1},"branchMap":{"0":{"type":"branch","line":15,"loc":{"start":{"line":15,"column":2},"end":{"line":111,"column":3}},"locations":[{"start":{"line":15,"column":2},"end":{"line":111,"column":3}}]},"1":{"type":"branch","line":20,"loc":{"start":{"line":20,"column":29},"end":{"line":26,"column":6}},"locations":[{"start":{"line":20,"column":29},"end":{"line":26,"column":6}}]},"2":{"type":"branch","line":21,"loc":{"start":{"line":21,"column":13},"end":{"line":25,"column":7}},"locations":[{"start":{"line":21,"column":13},"end":{"line":25,"column":7}}]},"3":{"type":"branch","line":28,"loc":{"start":{"line":28,"column":34},"end":{"line":60,"column":6}},"locations":[{"start":{"line":28,"column":34},"end":{"line":60,"column":6}}]},"4":{"type":"branch","line":29,"loc":{"start":{"line":29,"column":17},"end":{"line":29,"column":36}},"locations":[{"start":{"line":29,"column":17},"end":{"line":29,"column":36}}]},"5":{"type":"branch","line":69,"loc":{"start":{"line":69,"column":33},"end":{"line":78,"column":6}},"locations":[{"start":{"line":69,"column":33},"end":{"line":78,"column":6}}]},"6":{"type":"branch","line":80,"loc":{"start":{"line":80,"column":14},"end":{"line":87,"column":7}},"locations":[{"start":{"line":80,"column":14},"end":{"line":87,"column":7}}]},"7":{"type":"branch","line":83,"loc":{"start":{"line":83,"column":41},"end":{"line":84,"column":40}},"locations":[{"start":{"line":83,"column":41},"end":{"line":84,"column":40}}]},"8":{"type":"branch","line":84,"loc":{"start":{"line":84,"column":39},"end":{"line":85,"column":64}},"locations":[{"start":{"line":84,"column":39},"end":{"line":85,"column":64}}]},"9":{"type":"branch","line":101,"loc":{"start":{"line":101,"column":20},"end":{"line":101,"column":52}},"locations":[{"start":{"line":101,"column":20},"end":{"line":101,"column":52}}]}},"b":{"0":[8],"1":[8],"2":[8],"3":[1],"4":[0],"5":[8],"6":[8],"7":[1],"8":[7],"9":[1]},"fnMap":{"0":{"name":"focus","decl":{"start":{"line":21,"column":13},"end":{"line":25,"column":7}},"loc":{"start":{"line":21,"column":13},"end":{"line":25,"column":7}},"line":21},"1":{"name":"renderHighlightedText","decl":{"start":{"line":28,"column":34},"end":{"line":60,"column":6}},"loc":{"start":{"line":28,"column":34},"end":{"line":60,"column":6}},"line":28},"2":{"name":"syncScroll","decl":{"start":{"line":62,"column":23},"end":{"line":67,"column":6}},"loc":{"start":{"line":62,"column":23},"end":{"line":67,"column":6}},"line":62},"3":{"name":"adjustTextareaHeight","decl":{"start":{"line":69,"column":33},"end":{"line":78,"column":6}},"loc":{"start":{"line":69,"column":33},"end":{"line":78,"column":6}},"line":69},"4":{"name":"onChange","decl":{"start":{"line":101,"column":20},"end":{"line":101,"column":52}},"loc":{"start":{"line":101,"column":20},"end":{"line":101,"column":52}},"line":101}},"f":{"0":8,"1":1,"2":0,"3":8,"4":1}}
,"C:\\Users\\Admin\\Desktop\\Vite\\project\\src\\components\\IconButton.tsx": {"path":"C:\\Users\\Admin\\Desktop\\Vite\\project\\src\\components\\IconButton.tsx","all":false,"statementMap":{"5":{"start":{"line":6,"column":0},"end":{"line":6,"column":28}},"6":{"start":{"line":7,"column":0},"end":{"line":7,"column":7}},"7":{"start":{"line":8,"column":0},"end":{"line":8,"column":11}},"8":{"start":{"line":9,"column":0},"end":{"line":9,"column":59}},"9":{"start":{"line":10,"column":0},"end":{"line":10,"column":12}},"10":{"start":{"line":11,"column":0},"end":{"line":11,"column":48}},"11":{"start":{"line":12,"column":0},"end":{"line":12,"column":10}},"12":{"start":{"line":13,"column":0},"end":{"line":13,"column":24}},"13":{"start":{"line":14,"column":0},"end":{"line":14,"column":90}},"14":{"start":{"line":15,"column":0},"end":{"line":15,"column":43}},"15":{"start":{"line":16,"column":0},"end":{"line":16,"column":76}},"16":{"start":{"line":17,"column":0},"end":{"line":17,"column":63}},"18":{"start":{"line":19,"column":0},"end":{"line":19,"column":10}},"19":{"start":{"line":20,"column":0},"end":{"line":20,"column":11}},"20":{"start":{"line":21,"column":0},"end":{"line":21,"column":19}},"21":{"start":{"line":22,"column":0},"end":{"line":22,"column":68}},"22":{"start":{"line":23,"column":0},"end":{"line":23,"column":16}},"24":{"start":{"line":25,"column":0},"end":{"line":25,"column":13}},"25":{"start":{"line":26,"column":0},"end":{"line":26,"column":61}},"26":{"start":{"line":27,"column":0},"end":{"line":27,"column":13}},"28":{"start":{"line":29,"column":0},"end":{"line":29,"column":2}}},"s":{"5":1,"6":45,"7":45,"8":45,"9":45,"10":45,"11":45,"12":45,"13":45,"14":45,"15":8,"16":37,"18":45,"19":45,"20":45,"21":45,"22":45,"24":45,"25":45,"26":45,"28":45},"branchMap":{"0":{"type":"branch","line":6,"loc":{"start":{"line":6,"column":26},"end":{"line":29,"column":2}},"locations":[{"start":{"line":6,"column":26},"end":{"line":29,"column":2}}]},"1":{"type":"branch","line":15,"loc":{"start":{"line":15,"column":35},"end":{"line":16,"column":76}},"locations":[{"start":{"line":15,"column":35},"end":{"line":16,"column":76}}]},"2":{"type":"branch","line":16,"loc":{"start":{"line":16,"column":8},"end":{"line":17,"column":63}},"locations":[{"start":{"line":16,"column":8},"end":{"line":17,"column":63}}]},"3":{"type":"branch","line":22,"loc":{"start":{"line":22,"column":20},"end":{"line":22,"column":35}},"locations":[{"start":{"line":22,"column":20},"end":{"line":22,"column":35}}]}},"b":{"0":[45],"1":[8],"2":[37],"3":[37]},"fnMap":{"0":{"name":"IconButton","decl":{"start":{"line":6,"column":26},"end":{"line":29,"column":2}},"loc":{"start":{"line":6,"column":26},"end":{"line":29,"column":2}},"line":6}},"f":{"0":45}}
,"C:\\Users\\Admin\\Desktop\\Vite\\project\\src\\components\\TaskInputCard.tsx": {"path":"C:\\Users\\Admin\\Desktop\\Vite\\project\\src\\components\\TaskInputCard.tsx","all":false,"statementMap":{"0":{"start":{"line":1,"column":0},"end":{"line":1,"column":42}},"1":{"start":{"line":2,"column":0},"end":{"line":2,"column":34}},"2":{"start":{"line":3,"column":0},"end":{"line":3,"column":8}},"12":{"start":{"line":13,"column":0},"end":{"line":13,"column":50}},"13":{"start":{"line":14,"column":0},"end":{"line":14,"column":54}},"14":{"start":{"line":15,"column":0},"end":{"line":15,"column":42}},"25":{"start":{"line":26,"column":0},"end":{"line":26,"column":31}},"26":{"start":{"line":27,"column":0},"end":{"line":27,"column":12}},"27":{"start":{"line":28,"column":0},"end":{"line":28,"column":16}},"28":{"start":{"line":29,"column":0},"end":{"line":29,"column":11}},"29":{"start":{"line":30,"column":0},"end":{"line":30,"column":7}},"31":{"start":{"line":32,"column":0},"end":{"line":32,"column":15}},"32":{"start":{"line":33,"column":0},"end":{"line":33,"column":11}},"33":{"start":{"line":34,"column":0},"end":{"line":34,"column":33}},"34":{"start":{"line":35,"column":0},"end":{"line":35,"column":53}},"37":{"start":{"line":38,"column":0},"end":{"line":38,"column":19}},"38":{"start":{"line":39,"column":0},"end":{"line":39,"column":27}},"39":{"start":{"line":40,"column":0},"end":{"line":40,"column":31}},"40":{"start":{"line":41,"column":0},"end":{"line":41,"column":5}},"41":{"start":{"line":42,"column":0},"end":{"line":42,"column":9}},"43":{"start":{"line":44,"column":0},"end":{"line":44,"column":10}},"44":{"start":{"line":45,"column":0},"end":{"line":45,"column":74}},"45":{"start":{"line":46,"column":0},"end":{"line":46,"column":51}},"46":{"start":{"line":47,"column":0},"end":{"line":47,"column":93}},"47":{"start":{"line":48,"column":0},"end":{"line":48,"column":92}},"48":{"start":{"line":49,"column":0},"end":{"line":49,"column":14}},"50":{"start":{"line":51,"column":0},"end":{"line":51,"column":25}},"51":{"start":{"line":52,"column":0},"end":{"line":52,"column":64}},"52":{"start":{"line":53,"column":0},"end":{"line":53,"column":27}},"53":{"start":{"line":54,"column":0},"end":{"line":54,"column":34}},"54":{"start":{"line":55,"column":0},"end":{"line":55,"column":44}},"55":{"start":{"line":56,"column":0},"end":{"line":56,"column":28}},"56":{"start":{"line":57,"column":0},"end":{"line":57,"column":10}},"58":{"start":{"line":59,"column":0},"end":{"line":59,"column":107}},"59":{"start":{"line":60,"column":0},"end":{"line":60,"column":55}},"60":{"start":{"line":61,"column":0},"end":{"line":61,"column":14}},"61":{"start":{"line":62,"column":0},"end":{"line":62,"column":12}},"63":{"start":{"line":64,"column":0},"end":{"line":64,"column":99}},"64":{"start":{"line":65,"column":0},"end":{"line":65,"column":52}},"65":{"start":{"line":66,"column":0},"end":{"line":66,"column":21}},"66":{"start":{"line":67,"column":0},"end":{"line":67,"column":32}},"67":{"start":{"line":68,"column":0},"end":{"line":68,"column":28}},"68":{"start":{"line":69,"column":0},"end":{"line":69,"column":24}},"69":{"start":{"line":70,"column":0},"end":{"line":70,"column":28}},"70":{"start":{"line":71,"column":0},"end":{"line":71,"column":12}},"71":{"start":{"line":72,"column":0},"end":{"line":72,"column":58}},"72":{"start":{"line":73,"column":0},"end":{"line":73,"column":57}},"73":{"start":{"line":74,"column":0},"end":{"line":74,"column":54}},"74":{"start":{"line":75,"column":0},"end":{"line":75,"column":60}},"75":{"start":{"line":76,"column":0},"end":{"line":76,"column":14}},"77":{"start":{"line":78,"column":0},"end":{"line":78,"column":22}},"78":{"start":{"line":79,"column":0},"end":{"line":79,"column":51}},"79":{"start":{"line":80,"column":0},"end":{"line":80,"column":19}},"80":{"start":{"line":81,"column":0},"end":{"line":81,"column":32}},"81":{"start":{"line":82,"column":0},"end":{"line":82,"column":33}},"82":{"start":{"line":83,"column":0},"end":{"line":83,"column":48}},"83":{"start":{"line":84,"column":0},"end":{"line":84,"column":13}},"85":{"start":{"line":86,"column":0},"end":{"line":86,"column":21}},"86":{"start":{"line":87,"column":0},"end":{"line":87,"column":41}},"87":{"start":{"line":88,"column":0},"end":{"line":88,"column":48}},"89":{"start":{"line":90,"column":0},"end":{"line":90,"column":49}},"91":{"start":{"line":92,"column":0},"end":{"line":92,"column":16}},"94":{"start":{"line":95,"column":0},"end":{"line":95,"column":59}},"95":{"start":{"line":96,"column":0},"end":{"line":96,"column":42}},"96":{"start":{"line":97,"column":0},"end":{"line":97,"column":77}},"97":{"start":{"line":98,"column":0},"end":{"line":98,"column":41}},"98":{"start":{"line":99,"column":0},"end":{"line":99,"column":23}},"100":{"start":{"line":101,"column":0},"end":{"line":101,"column":43}},"101":{"start":{"line":102,"column":0},"end":{"line":102,"column":53}},"102":{"start":{"line":103,"column":0},"end":{"line":103,"column":44}},"103":{"start":{"line":104,"column":0},"end":{"line":104,"column":23}},"105":{"start":{"line":106,"column":0},"end":{"line":106,"column":16}},"107":{"start":{"line":108,"column":0},"end":{"line":108,"column":12}},"108":{"start":{"line":109,"column":0},"end":{"line":109,"column":10}},"110":{"start":{"line":111,"column":0},"end":{"line":111,"column":1}}},"s":{"0":1,"1":1,"2":1,"12":1,"13":1,"14":1,"25":1,"26":8,"27":8,"28":8,"29":8,"31":8,"32":8,"33":8,"34":8,"37":8,"38":8,"39":8,"40":8,"41":8,"43":8,"44":8,"45":8,"46":8,"47":8,"48":8,"50":8,"51":8,"52":8,"53":8,"54":8,"55":8,"56":8,"58":8,"59":8,"60":8,"61":8,"63":8,"64":8,"65":8,"66":8,"67":8,"68":8,"69":8,"70":8,"71":8,"72":8,"73":8,"74":8,"75":8,"77":8,"78":8,"79":8,"80":8,"81":8,"82":8,"83":8,"85":8,"86":8,"87":6,"89":2,"91":8,"94":0,"95":0,"96":0,"97":0,"98":0,"100":0,"101":0,"102":0,"103":0,"105":0,"107":8,"108":8,"110":8},"branchMap":{"0":{"type":"branch","line":26,"loc":{"start":{"line":26,"column":7},"end":{"line":111,"column":1}},"locations":[{"start":{"line":26,"column":7},"end":{"line":111,"column":1}}]},"1":{"type":"branch","line":87,"loc":{"start":{"line":87,"column":30},"end":{"line":88,"column":48}},"locations":[{"start":{"line":87,"column":30},"end":{"line":88,"column":48}}]},"2":{"type":"branch","line":88,"loc":{"start":{"line":88,"column":39},"end":{"line":90,"column":49}},"locations":[{"start":{"line":88,"column":39},"end":{"line":90,"column":49}}]},"3":{"type":"branch","line":92,"loc":{"start":{"line":92,"column":10},"end":{"line":106,"column":16}},"locations":[{"start":{"line":92,"column":10},"end":{"line":106,"column":16}}]},"4":{"type":"branch","line":38,"loc":{"start":{"line":38,"column":12},"end":{"line":42,"column":5}},"locations":[{"start":{"line":38,"column":12},"end":{"line":42,"column":5}}]}},"b":{"0":[8],"1":[6],"2":[2],"3":[0],"4":[8]},"fnMap":{"0":{"name":"TaskInputCard","decl":{"start":{"line":26,"column":7},"end":{"line":111,"column":1}},"loc":{"start":{"line":26,"column":7},"end":{"line":111,"column":1}},"line":26}},"f":{"0":8}}
,"C:\\Users\\Admin\\Desktop\\Vite\\project\\src\\components\\TaskItem.tsx": {"path":"C:\\Users\\Admin\\Desktop\\Vite\\project\\src\\components\\TaskItem.tsx","all":false,"statementMap":{"0":{"start":{"line":1,"column":0},"end":{"line":1,"column":69}},"11":{"start":{"line":12,"column":0},"end":{"line":12,"column":26}},"12":{"start":{"line":13,"column":0},"end":{"line":13,"column":5}},"13":{"start":{"line":14,"column":0},"end":{"line":14,"column":8}},"14":{"start":{"line":15,"column":0},"end":{"line":15,"column":12}},"15":{"start":{"line":16,"column":0},"end":{"line":16,"column":11}},"16":{"start":{"line":17,"column":0},"end":{"line":17,"column":11}},"17":{"start":{"line":18,"column":0},"end":{"line":18,"column":11}},"18":{"start":{"line":19,"column":0},"end":{"line":19,"column":19}},"19":{"start":{"line":20,"column":0},"end":{"line":20,"column":28}},"20":{"start":{"line":21,"column":0},"end":{"line":21,"column":35}},"21":{"start":{"line":22,"column":0},"end":{"line":22,"column":23}},"22":{"start":{"line":23,"column":0},"end":{"line":23,"column":22}},"24":{"start":{"line":25,"column":0},"end":{"line":25,"column":16}},"25":{"start":{"line":26,"column":0},"end":{"line":26,"column":29}},"26":{"start":{"line":27,"column":0},"end":{"line":27,"column":35}},"27":{"start":{"line":28,"column":0},"end":{"line":28,"column":18}},"28":{"start":{"line":29,"column":0},"end":{"line":29,"column":17}},"29":{"start":{"line":30,"column":0},"end":{"line":30,"column":25}},"30":{"start":{"line":31,"column":0},"end":{"line":31,"column":73}},"32":{"start":{"line":33,"column":0},"end":{"line":33,"column":20}},"33":{"start":{"line":34,"column":0},"end":{"line":34,"column":19}},"35":{"start":{"line":36,"column":0},"end":{"line":36,"column":42}},"36":{"start":{"line":37,"column":0},"end":{"line":37,"column":18}},"37":{"start":{"line":38,"column":0},"end":{"line":38,"column":17}},"38":{"start":{"line":39,"column":0},"end":{"line":39,"column":25}},"39":{"start":{"line":40,"column":0},"end":{"line":40,"column":75}},"41":{"start":{"line":42,"column":0},"end":{"line":42,"column":20}},"42":{"start":{"line":43,"column":0},"end":{"line":43,"column":19}},"44":{"start":{"line":45,"column":0},"end":{"line":45,"column":65}},"45":{"start":{"line":46,"column":0},"end":{"line":46,"column":23}},"46":{"start":{"line":47,"column":0},"end":{"line":47,"column":18}},"47":{"start":{"line":48,"column":0},"end":{"line":48,"column":17}},"48":{"start":{"line":49,"column":0},"end":{"line":49,"column":25}},"49":{"start":{"line":50,"column":0},"end":{"line":50,"column":93}},"51":{"start":{"line":52,"column":0},"end":{"line":52,"column":47}},"52":{"start":{"line":53,"column":0},"end":{"line":53,"column":31}},"53":{"start":{"line":54,"column":0},"end":{"line":54,"column":53}},"54":{"start":{"line":55,"column":0},"end":{"line":55,"column":19}},"56":{"start":{"line":57,"column":0},"end":{"line":57,"column":72}},"57":{"start":{"line":58,"column":0},"end":{"line":58,"column":22}},"58":{"start":{"line":59,"column":0},"end":{"line":59,"column":80}},"59":{"start":{"line":60,"column":0},"end":{"line":60,"column":18}},"60":{"start":{"line":61,"column":0},"end":{"line":61,"column":14}},"61":{"start":{"line":62,"column":0},"end":{"line":62,"column":31}},"62":{"start":{"line":63,"column":0},"end":{"line":63,"column":29}},"63":{"start":{"line":64,"column":0},"end":{"line":64,"column":39}},"64":{"start":{"line":65,"column":0},"end":{"line":65,"column":25}},"65":{"start":{"line":66,"column":0},"end":{"line":66,"column":89}},"67":{"start":{"line":68,"column":0},"end":{"line":68,"column":51}},"68":{"start":{"line":69,"column":0},"end":{"line":69,"column":30}},"69":{"start":{"line":70,"column":0},"end":{"line":70,"column":53}},"70":{"start":{"line":71,"column":0},"end":{"line":71,"column":16}},"72":{"start":{"line":73,"column":0},"end":{"line":73,"column":9}},"73":{"start":{"line":74,"column":0},"end":{"line":74,"column":47}},"74":{"start":{"line":75,"column":0},"end":{"line":75,"column":8}},"75":{"start":{"line":76,"column":0},"end":{"line":76,"column":73}},"76":{"start":{"line":77,"column":0},"end":{"line":77,"column":4}},"78":{"start":{"line":79,"column":0},"end":{"line":79,"column":10}},"79":{"start":{"line":80,"column":0},"end":{"line":80,"column":107}},"80":{"start":{"line":81,"column":0},"end":{"line":81,"column":46}},"81":{"start":{"line":82,"column":0},"end":{"line":82,"column":14}},"82":{"start":{"line":83,"column":0},"end":{"line":83,"column":25}},"83":{"start":{"line":84,"column":0},"end":{"line":84,"column":29}},"84":{"start":{"line":85,"column":0},"end":{"line":85,"column":29}},"85":{"start":{"line":86,"column":0},"end":{"line":86,"column":26}},"86":{"start":{"line":87,"column":0},"end":{"line":87,"column":10}},"87":{"start":{"line":88,"column":0},"end":{"line":88,"column":12}},"88":{"start":{"line":89,"column":0},"end":{"line":89,"column":31}},"89":{"start":{"line":90,"column":0},"end":{"line":90,"column":70}},"90":{"start":{"line":91,"column":0},"end":{"line":91,"column":13}},"92":{"start":{"line":93,"column":0},"end":{"line":93,"column":24}},"93":{"start":{"line":94,"column":0},"end":{"line":94,"column":14}},"94":{"start":{"line":95,"column":0},"end":{"line":95,"column":12}},"96":{"start":{"line":97,"column":0},"end":{"line":97,"column":47}},"97":{"start":{"line":98,"column":0},"end":{"line":98,"column":15}},"98":{"start":{"line":99,"column":0},"end":{"line":99,"column":38}},"99":{"start":{"line":100,"column":0},"end":{"line":100,"column":64}},"100":{"start":{"line":101,"column":0},"end":{"line":101,"column":26}},"102":{"start":{"line":103,"column":0},"end":{"line":103,"column":40}},"103":{"start":{"line":104,"column":0},"end":{"line":104,"column":17}},"104":{"start":{"line":105,"column":0},"end":{"line":105,"column":15}},"105":{"start":{"line":106,"column":0},"end":{"line":106,"column":38}},"106":{"start":{"line":107,"column":0},"end":{"line":107,"column":66}},"107":{"start":{"line":108,"column":0},"end":{"line":108,"column":24}},"110":{"start":{"line":111,"column":0},"end":{"line":111,"column":38}},"111":{"start":{"line":112,"column":0},"end":{"line":112,"column":17}},"112":{"start":{"line":113,"column":0},"end":{"line":113,"column":12}},"113":{"start":{"line":114,"column":0},"end":{"line":114,"column":10}},"115":{"start":{"line":116,"column":0},"end":{"line":116,"column":1}}},"s":{"0":1,"11":1,"12":3,"13":3,"14":3,"15":3,"16":3,"17":3,"18":3,"19":3,"20":3,"21":3,"22":3,"24":3,"25":3,"26":9,"27":2,"28":2,"29":2,"30":2,"32":2,"33":2,"35":9,"36":0,"37":0,"38":0,"39":0,"41":0,"42":0,"44":7,"45":0,"46":0,"47":0,"48":0,"49":0,"51":0,"52":0,"53":0,"54":0,"56":7,"57":2,"58":2,"59":2,"60":2,"61":2,"62":2,"63":2,"64":2,"65":2,"67":2,"68":2,"69":2,"70":2,"72":2,"73":5,"74":3,"75":3,"76":3,"78":3,"79":3,"80":3,"81":3,"82":3,"83":3,"84":3,"85":3,"86":3,"87":3,"88":3,"89":3,"90":3,"92":3,"93":3,"94":3,"96":3,"97":3,"98":3,"99":3,"100":3,"102":3,"103":3,"104":3,"105":3,"106":3,"107":3,"110":3,"111":3,"112":3,"113":3,"115":3},"branchMap":{"0":{"type":"branch","line":12,"loc":{"start":{"line":12,"column":7},"end":{"line":116,"column":1}},"locations":[{"start":{"line":12,"column":7},"end":{"line":116,"column":1}}]},"1":{"type":"branch","line":90,"loc":{"start":{"line":90,"column":12},"end":{"line":90,"column":55}},"locations":[{"start":{"line":90,"column":12},"end":{"line":90,"column":55}}]},"2":{"type":"branch","line":20,"loc":{"start":{"line":20,"column":21},"end":{"line":77,"column":4}},"locations":[{"start":{"line":20,"column":21},"end":{"line":77,"column":4}}]},"3":{"type":"branch","line":26,"loc":{"start":{"line":26,"column":11},"end":{"line":75,"column":7}},"locations":[{"start":{"line":26,"column":11},"end":{"line":75,"column":7}}]},"4":{"type":"branch","line":27,"loc":{"start":{"line":27,"column":34},"end":{"line":36,"column":19}},"locations":[{"start":{"line":27,"column":34},"end":{"line":36,"column":19}}]},"5":{"type":"branch","line":36,"loc":{"start":{"line":36,"column":8},"end":{"line":73,"column":9}},"locations":[{"start":{"line":36,"column":8},"end":{"line":73,"column":9}}]},"6":{"type":"branch","line":36,"loc":{"start":{"line":36,"column":41},"end":{"line":45,"column":19}},"locations":[{"start":{"line":36,"column":41},"end":{"line":45,"column":19}}]},"7":{"type":"branch","line":45,"loc":{"start":{"line":45,"column":36},"end":{"line":45,"column":64}},"locations":[{"start":{"line":45,"column":36},"end":{"line":45,"column":64}}]},"8":{"type":"branch","line":45,"loc":{"start":{"line":45,"column":64},"end":{"line":57,"column":19}},"locations":[{"start":{"line":45,"column":64},"end":{"line":57,"column":19}}]},"9":{"type":"branch","line":57,"loc":{"start":{"line":57,"column":41},"end":{"line":57,"column":71}},"locations":[{"start":{"line":57,"column":41},"end":{"line":57,"column":71}}]},"10":{"type":"branch","line":57,"loc":{"start":{"line":57,"column":71},"end":{"line":73,"column":9}},"locations":[{"start":{"line":57,"column":71},"end":{"line":73,"column":9}}]},"11":{"type":"branch","line":59,"loc":{"start":{"line":59,"column":70},"end":{"line":59,"column":80}},"locations":[{"start":{"line":59,"column":70},"end":{"line":59,"column":80}}]},"12":{"type":"branch","line":73,"loc":{"start":{"line":73,"column":8},"end":{"line":74,"column":47}},"locations":[{"start":{"line":73,"column":8},"end":{"line":74,"column":47}}]},"13":{"type":"branch","line":76,"loc":{"start":{"line":76,"column":31},"end":{"line":76,"column":67}},"locations":[{"start":{"line":76,"column":31},"end":{"line":76,"column":67}}]},"14":{"type":"branch","line":106,"loc":{"start":{"line":106,"column":19},"end":{"line":106,"column":38}},"locations":[{"start":{"line":106,"column":19},"end":{"line":106,"column":38}}]}},"b":{"0":[3],"1":[0],"2":[3],"3":[9],"4":[2],"5":[7],"6":[0],"7":[0],"8":[0],"9":[5],"10":[2],"11":[0],"12":[5],"13":[9],"14":[1]},"fnMap":{"0":{"name":"TaskItem","decl":{"start":{"line":12,"column":7},"end":{"line":116,"column":1}},"loc":{"start":{"line":12,"column":7},"end":{"line":116,"column":1}},"line":12},"1":{"name":"renderText","decl":{"start":{"line":20,"column":21},"end":{"line":77,"column":4}},"loc":{"start":{"line":20,"column":21},"end":{"line":77,"column":4}},"line":20},"2":{"name":"onClick","decl":{"start":{"line":99,"column":19},"end":{"line":99,"column":38}},"loc":{"start":{"line":99,"column":19},"end":{"line":99,"column":38}},"line":99},"3":{"name":"onClick","decl":{"start":{"line":106,"column":19},"end":{"line":106,"column":38}},"loc":{"start":{"line":106,"column":19},"end":{"line":106,"column":38}},"line":106}},"f":{"0":3,"1":3,"2":0,"3":1}}
,"C:\\Users\\Admin\\Desktop\\Vite\\project\\src\\components\\TaskListContainer.tsx": {"path":"C:\\Users\\Admin\\Desktop\\Vite\\project\\src\\components\\TaskListContainer.tsx","all":true,"statementMap":{"0":{"start":{"line":1,"column":0},"end":{"line":1,"column":43}},"1":{"start":{"line":2,"column":0},"end":{"line":2,"column":46}},"3":{"start":{"line":4,"column":0},"end":{"line":4,"column":37}},"4":{"start":{"line":5,"column":0},"end":{"line":5,"column":9}},"5":{"start":{"line":6,"column":0},"end":{"line":6,"column":10}},"6":{"start":{"line":7,"column":0},"end":{"line":7,"column":17}},"7":{"start":{"line":8,"column":0},"end":{"line":8,"column":14}},"8":{"start":{"line":9,"column":0},"end":{"line":9,"column":19}},"9":{"start":{"line":10,"column":0},"end":{"line":10,"column":22}},"10":{"start":{"line":11,"column":0},"end":{"line":11,"column":13}},"11":{"start":{"line":12,"column":0},"end":{"line":12,"column":14}},"12":{"start":{"line":13,"column":0},"end":{"line":13,"column":17}},"13":{"start":{"line":14,"column":0},"end":{"line":14,"column":15}},"14":{"start":{"line":15,"column":0},"end":{"line":15,"column":21}},"15":{"start":{"line":16,"column":0},"end":{"line":16,"column":19}},"16":{"start":{"line":17,"column":0},"end":{"line":17,"column":17}},"19":{"start":{"line":20,"column":0},"end":{"line":20,"column":10}},"20":{"start":{"line":21,"column":0},"end":{"line":21,"column":17}},"21":{"start":{"line":22,"column":0},"end":{"line":22,"column":19}},"22":{"start":{"line":23,"column":0},"end":{"line":23,"column":33}},"23":{"start":{"line":24,"column":0},"end":{"line":24,"column":27}},"24":{"start":{"line":25,"column":0},"end":{"line":25,"column":33}},"25":{"start":{"line":26,"column":0},"end":{"line":26,"column":39}},"26":{"start":{"line":27,"column":0},"end":{"line":27,"column":21}},"27":{"start":{"line":28,"column":0},"end":{"line":28,"column":23}},"28":{"start":{"line":29,"column":0},"end":{"line":29,"column":29}},"29":{"start":{"line":30,"column":0},"end":{"line":30,"column":31}},"30":{"start":{"line":31,"column":0},"end":{"line":31,"column":37}},"31":{"start":{"line":32,"column":0},"end":{"line":32,"column":35}},"32":{"start":{"line":33,"column":0},"end":{"line":33,"column":6}},"34":{"start":{"line":35,"column":0},"end":{"line":35,"column":1}}},"s":{"0":0,"1":0,"3":0,"4":0,"5":0,"6":0,"7":0,"8":0,"9":0,"10":0,"11":0,"12":0,"13":0,"14":0,"15":0,"16":0,"19":0,"20":0,"21":0,"22":0,"23":0,"24":0,"25":0,"26":0,"27":0,"28":0,"29":0,"30":0,"31":0,"32":0,"34":0},"branchMap":{"0":{"type":"branch","line":1,"loc":{"start":{"line":1,"column":766},"end":{"line":35,"column":1}},"locations":[{"start":{"line":1,"column":766},"end":{"line":35,"column":1}}]}},"b":{"0":[0]},"fnMap":{"0":{"name":"(empty-report)","decl":{"start":{"line":1,"column":766},"end":{"line":35,"column":1}},"loc":{"start":{"line":1,"column":766},"end":{"line":35,"column":1}},"line":1}},"f":{"0":0}}
,"C:\\Users\\Admin\\Desktop\\Vite\\project\\src\\components\\TaskListView.tsx": {"path":"C:\\Users\\Admin\\Desktop\\Vite\\project\\src\\components\\TaskListView.tsx","all":false,"statementMap":{"1":{"start":{"line":2,"column":0},"end":{"line":2,"column":38}},"2":{"start":{"line":3,"column":0},"end":{"line":3,"column":42}},"3":{"start":{"line":4,"column":0},"end":{"line":4,"column":48}},"19":{"start":{"line":20,"column":0},"end":{"line":20,"column":30}},"20":{"start":{"line":21,"column":0},"end":{"line":21,"column":8}},"21":{"start":{"line":22,"column":0},"end":{"line":22,"column":15}},"22":{"start":{"line":23,"column":0},"end":{"line":23,"column":12}},"23":{"start":{"line":24,"column":0},"end":{"line":24,"column":13}},"24":{"start":{"line":25,"column":0},"end":{"line":25,"column":16}},"25":{"start":{"line":26,"column":0},"end":{"line":26,"column":7}},"26":{"start":{"line":27,"column":0},"end":{"line":27,"column":8}},"27":{"start":{"line":28,"column":0},"end":{"line":28,"column":11}},"28":{"start":{"line":29,"column":0},"end":{"line":29,"column":15}},"29":{"start":{"line":30,"column":0},"end":{"line":30,"column":15}},"30":{"start":{"line":31,"column":0},"end":{"line":31,"column":14}},"31":{"start":{"line":32,"column":0},"end":{"line":32,"column":23}},"32":{"start":{"line":33,"column":0},"end":{"line":33,"column":10}},"33":{"start":{"line":34,"column":0},"end":{"line":34,"column":49}},"34":{"start":{"line":35,"column":0},"end":{"line":35,"column":42}},"35":{"start":{"line":36,"column":0},"end":{"line":36,"column":78}},"36":{"start":{"line":37,"column":0},"end":{"line":37,"column":69}},"37":{"start":{"line":38,"column":0},"end":{"line":38,"column":24}},"38":{"start":{"line":39,"column":0},"end":{"line":39,"column":33}},"39":{"start":{"line":40,"column":0},"end":{"line":40,"column":41}},"40":{"start":{"line":41,"column":0},"end":{"line":41,"column":31}},"41":{"start":{"line":42,"column":0},"end":{"line":42,"column":23}},"42":{"start":{"line":43,"column":0},"end":{"line":43,"column":25}},"43":{"start":{"line":44,"column":0},"end":{"line":44,"column":39}},"44":{"start":{"line":45,"column":0},"end":{"line":45,"column":12}},"46":{"start":{"line":47,"column":0},"end":{"line":47,"column":30}},"47":{"start":{"line":48,"column":0},"end":{"line":48,"column":19}},"48":{"start":{"line":49,"column":0},"end":{"line":49,"column":25}},"49":{"start":{"line":50,"column":0},"end":{"line":50,"column":24}},"50":{"start":{"line":51,"column":0},"end":{"line":51,"column":30}},"51":{"start":{"line":52,"column":0},"end":{"line":52,"column":38}},"52":{"start":{"line":53,"column":0},"end":{"line":53,"column":50}},"53":{"start":{"line":54,"column":0},"end":{"line":54,"column":50}},"54":{"start":{"line":55,"column":0},"end":{"line":55,"column":49}},"55":{"start":{"line":56,"column":0},"end":{"line":56,"column":12}},"56":{"start":{"line":57,"column":0},"end":{"line":57,"column":11}},"57":{"start":{"line":58,"column":0},"end":{"line":58,"column":12}},"58":{"start":{"line":59,"column":0},"end":{"line":59,"column":10}},"60":{"start":{"line":61,"column":0},"end":{"line":61,"column":1}}},"s":{"1":1,"2":1,"3":1,"19":1,"20":6,"21":6,"22":6,"23":6,"24":6,"25":6,"26":6,"27":6,"28":6,"29":6,"30":6,"31":6,"32":6,"33":6,"34":6,"35":6,"36":6,"37":2,"38":2,"39":2,"40":2,"41":2,"42":2,"43":2,"44":2,"46":6,"47":2,"48":2,"49":2,"50":2,"51":2,"52":2,"53":2,"54":2,"55":2,"56":6,"57":6,"58":6,"60":6},"branchMap":{"0":{"type":"branch","line":20,"loc":{"start":{"line":20,"column":7},"end":{"line":61,"column":1}},"locations":[{"start":{"line":20,"column":7},"end":{"line":61,"column":1}}]},"1":{"type":"branch","line":36,"loc":{"start":{"line":36,"column":26},"end":{"line":36,"column":78}},"locations":[{"start":{"line":36,"column":26},"end":{"line":36,"column":78}}]},"2":{"type":"branch","line":37,"loc":{"start":{"line":37,"column":27},"end":{"line":37,"column":69}},"locations":[{"start":{"line":37,"column":27},"end":{"line":37,"column":69}}]},"3":{"type":"branch","line":37,"loc":{"start":{"line":37,"column":55},"end":{"line":45,"column":12}},"locations":[{"start":{"line":37,"column":55},"end":{"line":45,"column":12}}]},"4":{"type":"branch","line":47,"loc":{"start":{"line":47,"column":19},"end":{"line":56,"column":12}},"locations":[{"start":{"line":47,"column":19},"end":{"line":56,"column":12}}]},"5":{"type":"branch","line":55,"loc":{"start":{"line":55,"column":22},"end":{"line":55,"column":49}},"locations":[{"start":{"line":55,"column":22},"end":{"line":55,"column":49}}]}},"b":{"0":[6],"1":[4],"2":[4],"3":[2],"4":[2],"5":[1]},"fnMap":{"0":{"name":"TaskListView","decl":{"start":{"line":20,"column":7},"end":{"line":61,"column":1}},"loc":{"start":{"line":20,"column":7},"end":{"line":61,"column":1}},"line":20},"1":{"name":"onToggle","decl":{"start":{"line":53,"column":22},"end":{"line":53,"column":50}},"loc":{"start":{"line":53,"column":22},"end":{"line":53,"column":50}},"line":53},"2":{"name":"onDelete","decl":{"start":{"line":54,"column":22},"end":{"line":54,"column":50}},"loc":{"start":{"line":54,"column":22},"end":{"line":54,"column":50}},"line":54},"3":{"name":"onUpdate","decl":{"start":{"line":55,"column":22},"end":{"line":55,"column":49}},"loc":{"start":{"line":55,"column":22},"end":{"line":55,"column":49}},"line":55}},"f":{"0":6,"1":0,"2":0,"3":1}}
,"C:\\Users\\Admin\\Desktop\\Vite\\project\\src\\hook\\useIsMobile.tsx": {"path":"C:\\Users\\Admin\\Desktop\\Vite\\project\\src\\hook\\useIsMobile.tsx","all":false,"statementMap":{"0":{"start":{"line":1,"column":0},"end":{"line":1,"column":43}},"2":{"start":{"line":3,"column":0},"end":{"line":3,"column":47}},"3":{"start":{"line":4,"column":0},"end":{"line":4,"column":49}},"5":{"start":{"line":6,"column":0},"end":{"line":6,"column":19}},"6":{"start":{"line":7,"column":0},"end":{"line":7,"column":67}},"7":{"start":{"line":8,"column":0},"end":{"line":8,"column":11}},"8":{"start":{"line":9,"column":0},"end":{"line":9,"column":44}},"9":{"start":{"line":10,"column":0},"end":{"line":10,"column":60}},"10":{"start":{"line":11,"column":0},"end":{"line":11,"column":18}},"12":{"start":{"line":13,"column":0},"end":{"line":13,"column":17}},"13":{"start":{"line":14,"column":0},"end":{"line":14,"column":1}}},"s":{"0":1,"2":1,"3":9,"5":9,"6":5,"7":5,"8":5,"9":5,"10":9,"12":9,"13":9},"branchMap":{"0":{"type":"branch","line":3,"loc":{"start":{"line":3,"column":7},"end":{"line":14,"column":1}},"locations":[{"start":{"line":3,"column":7},"end":{"line":14,"column":1}}]},"1":{"type":"branch","line":6,"loc":{"start":{"line":6,"column":12},"end":{"line":11,"column":5}},"locations":[{"start":{"line":6,"column":12},"end":{"line":11,"column":5}}]},"2":{"type":"branch","line":7,"loc":{"start":{"line":7,"column":18},"end":{"line":7,"column":67}},"locations":[{"start":{"line":7,"column":18},"end":{"line":7,"column":67}}]},"3":{"type":"branch","line":10,"loc":{"start":{"line":10,"column":11},"end":{"line":10,"column":60}},"locations":[{"start":{"line":10,"column":11},"end":{"line":10,"column":60}}]}},"b":{"0":[9],"1":[5],"2":[7],"3":[5]},"fnMap":{"0":{"name":"useIsMobile","decl":{"start":{"line":3,"column":7},"end":{"line":14,"column":1}},"loc":{"start":{"line":3,"column":7},"end":{"line":14,"column":1}},"line":3},"1":{"name":"check","decl":{"start":{"line":7,"column":18},"end":{"line":7,"column":67}},"loc":{"start":{"line":7,"column":18},"end":{"line":7,"column":67}},"line":7}},"f":{"0":9,"1":7}}
,"C:\\Users\\Admin\\Desktop\\Vite\\project\\src\\hook\\useTask.ts": {"path":"C:\\Users\\Admin\\Desktop\\Vite\\project\\src\\hook\\useTask.ts","all":false,"statementMap":{"0":{"start":{"line":1,"column":0},"end":{"line":1,"column":44}},"2":{"start":{"line":3,"column":0},"end":{"line":3,"column":8}},"12":{"start":{"line":13,"column":0},"end":{"line":13,"column":28}},"13":{"start":{"line":14,"column":0},"end":{"line":14,"column":49}},"14":{"start":{"line":15,"column":0},"end":{"line":15,"column":73}},"15":{"start":{"line":16,"column":0},"end":{"line":16,"column":49}},"16":{"start":{"line":17,"column":0},"end":{"line":17,"column":74}},"18":{"start":{"line":19,"column":0},"end":{"line":19,"column":19}},"19":{"start":{"line":20,"column":0},"end":{"line":20,"column":35}},"20":{"start":{"line":21,"column":0},"end":{"line":21,"column":11}},"21":{"start":{"line":22,"column":0},"end":{"line":22,"column":38}},"22":{"start":{"line":23,"column":0},"end":{"line":23,"column":23}},"23":{"start":{"line":24,"column":0},"end":{"line":24,"column":23}},"24":{"start":{"line":25,"column":0},"end":{"line":25,"column":52}},"25":{"start":{"line":26,"column":0},"end":{"line":26,"column":7}},"26":{"start":{"line":27,"column":0},"end":{"line":27,"column":6}},"27":{"start":{"line":28,"column":0},"end":{"line":28,"column":16}},"28":{"start":{"line":29,"column":0},"end":{"line":29,"column":9}},"30":{"start":{"line":31,"column":0},"end":{"line":31,"column":32}},"31":{"start":{"line":32,"column":0},"end":{"line":32,"column":29}},"32":{"start":{"line":33,"column":0},"end":{"line":33,"column":21}},"33":{"start":{"line":34,"column":0},"end":{"line":34,"column":4}},"35":{"start":{"line":36,"column":0},"end":{"line":36,"column":48}},"36":{"start":{"line":37,"column":0},"end":{"line":37,"column":24}},"37":{"start":{"line":38,"column":0},"end":{"line":38,"column":55}},"38":{"start":{"line":39,"column":0},"end":{"line":39,"column":4}},"45":{"start":{"line":46,"column":0},"end":{"line":46,"column":33}},"46":{"start":{"line":47,"column":0},"end":{"line":47,"column":34}},"47":{"start":{"line":48,"column":0},"end":{"line":48,"column":11}},"48":{"start":{"line":49,"column":0},"end":{"line":49,"column":42}},"49":{"start":{"line":50,"column":0},"end":{"line":50,"column":34}},"50":{"start":{"line":51,"column":0},"end":{"line":51,"column":46}},"51":{"start":{"line":52,"column":0},"end":{"line":52,"column":27}},"52":{"start":{"line":53,"column":0},"end":{"line":53,"column":17}},"53":{"start":{"line":54,"column":0},"end":{"line":54,"column":11}},"54":{"start":{"line":55,"column":0},"end":{"line":55,"column":47}},"55":{"start":{"line":56,"column":0},"end":{"line":56,"column":23}},"56":{"start":{"line":57,"column":0},"end":{"line":57,"column":52}},"57":{"start":{"line":58,"column":0},"end":{"line":58,"column":7}},"58":{"start":{"line":59,"column":0},"end":{"line":59,"column":33}},"59":{"start":{"line":60,"column":0},"end":{"line":60,"column":23}},"60":{"start":{"line":61,"column":0},"end":{"line":61,"column":5}},"61":{"start":{"line":62,"column":0},"end":{"line":62,"column":4}},"63":{"start":{"line":64,"column":0},"end":{"line":64,"column":30}},"64":{"start":{"line":65,"column":0},"end":{"line":65,"column":31}},"65":{"start":{"line":66,"column":0},"end":{"line":66,"column":21}},"66":{"start":{"line":67,"column":0},"end":{"line":67,"column":4}},"68":{"start":{"line":69,"column":0},"end":{"line":69,"column":44}},"69":{"start":{"line":70,"column":0},"end":{"line":70,"column":9}},"70":{"start":{"line":71,"column":0},"end":{"line":71,"column":50}},"71":{"start":{"line":72,"column":0},"end":{"line":72,"column":24}},"72":{"start":{"line":73,"column":0},"end":{"line":73,"column":65}},"74":{"start":{"line":75,"column":0},"end":{"line":75,"column":24}},"75":{"start":{"line":76,"column":0},"end":{"line":76,"column":65}},"76":{"start":{"line":77,"column":0},"end":{"line":77,"column":8}},"77":{"start":{"line":78,"column":0},"end":{"line":78,"column":21}},"78":{"start":{"line":79,"column":0},"end":{"line":79,"column":50}},"79":{"start":{"line":80,"column":0},"end":{"line":80,"column":5}},"80":{"start":{"line":81,"column":0},"end":{"line":81,"column":4}},"82":{"start":{"line":83,"column":0},"end":{"line":83,"column":50}},"83":{"start":{"line":84,"column":0},"end":{"line":84,"column":9}},"84":{"start":{"line":85,"column":0},"end":{"line":85,"column":27}},"85":{"start":{"line":86,"column":0},"end":{"line":86,"column":64}},"86":{"start":{"line":87,"column":0},"end":{"line":87,"column":21}},"87":{"start":{"line":88,"column":0},"end":{"line":88,"column":50}},"88":{"start":{"line":89,"column":0},"end":{"line":89,"column":5}},"89":{"start":{"line":90,"column":0},"end":{"line":90,"column":4}},"91":{"start":{"line":92,"column":0},"end":{"line":92,"column":43}},"92":{"start":{"line":93,"column":0},"end":{"line":93,"column":54}},"93":{"start":{"line":94,"column":0},"end":{"line":94,"column":21}},"94":{"start":{"line":95,"column":0},"end":{"line":95,"column":37}},"95":{"start":{"line":96,"column":0},"end":{"line":96,"column":27}},"96":{"start":{"line":97,"column":0},"end":{"line":97,"column":31}},"97":{"start":{"line":98,"column":0},"end":{"line":98,"column":5}},"98":{"start":{"line":99,"column":0},"end":{"line":99,"column":4}},"99":{"start":{"line":100,"column":0},"end":{"line":100,"column":32}},"100":{"start":{"line":101,"column":0},"end":{"line":101,"column":34}},"102":{"start":{"line":103,"column":0},"end":{"line":103,"column":24}},"103":{"start":{"line":104,"column":0},"end":{"line":104,"column":69}},"104":{"start":{"line":105,"column":0},"end":{"line":105,"column":32}},"106":{"start":{"line":107,"column":0},"end":{"line":107,"column":27}},"107":{"start":{"line":108,"column":0},"end":{"line":108,"column":24}},"108":{"start":{"line":109,"column":0},"end":{"line":109,"column":25}},"109":{"start":{"line":110,"column":0},"end":{"line":110,"column":8}},"111":{"start":{"line":112,"column":0},"end":{"line":112,"column":11}},"112":{"start":{"line":113,"column":0},"end":{"line":113,"column":67}},"113":{"start":{"line":114,"column":0},"end":{"line":114,"column":26}},"114":{"start":{"line":115,"column":0},"end":{"line":115,"column":72}},"115":{"start":{"line":116,"column":0},"end":{"line":116,"column":10}},"116":{"start":{"line":117,"column":0},"end":{"line":117,"column":31}},"117":{"start":{"line":118,"column":0},"end":{"line":118,"column":25}},"118":{"start":{"line":119,"column":0},"end":{"line":119,"column":35}},"119":{"start":{"line":120,"column":0},"end":{"line":120,"column":23}},"120":{"start":{"line":121,"column":0},"end":{"line":121,"column":52}},"121":{"start":{"line":122,"column":0},"end":{"line":122,"column":7}},"122":{"start":{"line":123,"column":0},"end":{"line":123,"column":12}},"123":{"start":{"line":124,"column":0},"end":{"line":124,"column":24}},"124":{"start":{"line":125,"column":0},"end":{"line":125,"column":5}},"125":{"start":{"line":126,"column":0},"end":{"line":126,"column":4}},"126":{"start":{"line":127,"column":0},"end":{"line":127,"column":10}},"127":{"start":{"line":128,"column":0},"end":{"line":128,"column":10}},"128":{"start":{"line":129,"column":0},"end":{"line":129,"column":17}},"129":{"start":{"line":130,"column":0},"end":{"line":130,"column":14}},"130":{"start":{"line":131,"column":0},"end":{"line":131,"column":19}},"131":{"start":{"line":132,"column":0},"end":{"line":132,"column":22}},"132":{"start":{"line":133,"column":0},"end":{"line":133,"column":13}},"133":{"start":{"line":134,"column":0},"end":{"line":134,"column":14}},"134":{"start":{"line":135,"column":0},"end":{"line":135,"column":17}},"135":{"start":{"line":136,"column":0},"end":{"line":136,"column":15}},"136":{"start":{"line":137,"column":0},"end":{"line":137,"column":21}},"137":{"start":{"line":138,"column":0},"end":{"line":138,"column":20}},"138":{"start":{"line":139,"column":0},"end":{"line":139,"column":4}},"139":{"start":{"line":140,"column":0},"end":{"line":140,"column":1}}},"s":{"0":1,"2":1,"12":1,"13":16,"14":16,"15":16,"16":16,"18":16,"19":5,"20":5,"21":5,"22":5,"23":5,"24":0,"25":0,"26":5,"27":5,"28":16,"30":16,"31":0,"32":0,"33":0,"35":16,"36":2,"37":2,"38":2,"45":16,"46":1,"47":1,"48":1,"49":1,"50":1,"51":1,"52":1,"53":1,"54":1,"55":1,"56":0,"57":0,"58":1,"59":1,"60":1,"61":1,"63":16,"64":0,"65":0,"66":0,"68":16,"69":1,"70":1,"71":1,"72":1,"74":1,"75":1,"76":1,"77":1,"78":0,"79":0,"80":1,"82":16,"83":1,"84":1,"85":1,"86":1,"87":0,"88":0,"89":1,"91":16,"92":1,"93":1,"94":1,"95":1,"96":1,"97":1,"98":1,"99":16,"100":1,"102":1,"103":1,"104":1,"106":1,"107":1,"108":1,"109":1,"111":1,"112":1,"113":1,"114":1,"115":1,"116":1,"117":1,"118":1,"119":1,"120":0,"121":0,"122":1,"123":0,"124":0,"125":1,"126":16,"127":16,"128":16,"129":16,"130":16,"131":16,"132":16,"133":16,"134":16,"135":16,"136":16,"137":16,"138":16,"139":16},"branchMap":{"0":{"type":"branch","line":13,"loc":{"start":{"line":13,"column":7},"end":{"line":140,"column":1}},"locations":[{"start":{"line":13,"column":7},"end":{"line":140,"column":1}}]},"1":{"type":"branch","line":19,"loc":{"start":{"line":19,"column":12},"end":{"line":29,"column":5}},"locations":[{"start":{"line":19,"column":12},"end":{"line":29,"column":5}}]},"2":{"type":"branch","line":20,"loc":{"start":{"line":20,"column":22},"end":{"line":27,"column":6}},"locations":[{"start":{"line":20,"column":22},"end":{"line":27,"column":6}}]},"3":{"type":"branch","line":24,"loc":{"start":{"line":24,"column":6},"end":{"line":26,"column":7}},"locations":[{"start":{"line":24,"column":6},"end":{"line":26,"column":7}}]},"4":{"type":"branch","line":36,"loc":{"start":{"line":36,"column":28},"end":{"line":39,"column":4}},"locations":[{"start":{"line":36,"column":28},"end":{"line":39,"column":4}}]},"5":{"type":"branch","line":38,"loc":{"start":{"line":38,"column":35},"end":{"line":38,"column":53}},"locations":[{"start":{"line":38,"column":35},"end":{"line":38,"column":53}}]},"6":{"type":"branch","line":46,"loc":{"start":{"line":46,"column":20},"end":{"line":62,"column":4}},"locations":[{"start":{"line":46,"column":20},"end":{"line":62,"column":4}}]},"7":{"type":"branch","line":56,"loc":{"start":{"line":56,"column":6},"end":{"line":58,"column":7}},"locations":[{"start":{"line":56,"column":6},"end":{"line":58,"column":7}}]},"8":{"type":"branch","line":55,"loc":{"start":{"line":55,"column":17},"end":{"line":55,"column":45}},"locations":[{"start":{"line":55,"column":17},"end":{"line":55,"column":45}}]},"9":{"type":"branch","line":69,"loc":{"start":{"line":69,"column":21},"end":{"line":81,"column":4}},"locations":[{"start":{"line":69,"column":21},"end":{"line":81,"column":4}}]},"10":{"type":"branch","line":72,"loc":{"start":{"line":72,"column":17},"end":{"line":72,"column":24}},"locations":[{"start":{"line":72,"column":17},"end":{"line":72,"column":24}}]},"11":{"type":"branch","line":78,"loc":{"start":{"line":78,"column":4},"end":{"line":80,"column":5}},"locations":[{"start":{"line":78,"column":4},"end":{"line":80,"column":5}}]},"12":{"type":"branch","line":71,"loc":{"start":{"line":71,"column":30},"end":{"line":71,"column":48}},"locations":[{"start":{"line":71,"column":30},"end":{"line":71,"column":48}}]},"13":{"type":"branch","line":75,"loc":{"start":{"line":75,"column":15},"end":{"line":76,"column":65}},"locations":[{"start":{"line":75,"column":15},"end":{"line":76,"column":65}}]},"14":{"type":"branch","line":76,"loc":{"start":{"line":76,"column":17},"end":{"line":76,"column":64}},"locations":[{"start":{"line":76,"column":17},"end":{"line":76,"column":64}}]},"15":{"type":"branch","line":76,"loc":{"start":{"line":76,"column":45},"end":{"line":76,"column":64}},"locations":[{"start":{"line":76,"column":45},"end":{"line":76,"column":64}}]},"16":{"type":"branch","line":83,"loc":{"start":{"line":83,"column":27},"end":{"line":90,"column":4}},"locations":[{"start":{"line":83,"column":27},"end":{"line":90,"column":4}}]},"17":{"type":"branch","line":87,"loc":{"start":{"line":87,"column":4},"end":{"line":89,"column":5}},"locations":[{"start":{"line":87,"column":4},"end":{"line":89,"column":5}}]},"18":{"type":"branch","line":86,"loc":{"start":{"line":86,"column":15},"end":{"line":86,"column":62}},"locations":[{"start":{"line":86,"column":15},"end":{"line":86,"column":62}}]},"19":{"type":"branch","line":86,"loc":{"start":{"line":86,"column":37},"end":{"line":86,"column":61}},"locations":[{"start":{"line":86,"column":37},"end":{"line":86,"column":61}}]},"20":{"type":"branch","line":92,"loc":{"start":{"line":92,"column":26},"end":{"line":99,"column":4}},"locations":[{"start":{"line":92,"column":26},"end":{"line":99,"column":4}}]},"21":{"type":"branch","line":93,"loc":{"start":{"line":93,"column":34},"end":{"line":93,"column":52}},"locations":[{"start":{"line":93,"column":34},"end":{"line":93,"column":52}}]},"22":{"type":"branch","line":100,"loc":{"start":{"line":100,"column":19},"end":{"line":126,"column":4}},"locations":[{"start":{"line":100,"column":19},"end":{"line":126,"column":4}}]},"23":{"type":"branch","line":101,"loc":{"start":{"line":101,"column":27},"end":{"line":101,"column":34}},"locations":[{"start":{"line":101,"column":27},"end":{"line":101,"column":34}}]},"24":{"type":"branch","line":105,"loc":{"start":{"line":105,"column":25},"end":{"line":105,"column":32}},"locations":[{"start":{"line":105,"column":25},"end":{"line":105,"column":32}}]},"25":{"type":"branch","line":120,"loc":{"start":{"line":120,"column":6},"end":{"line":122,"column":7}},"locations":[{"start":{"line":120,"column":6},"end":{"line":122,"column":7}}]},"26":{"type":"branch","line":123,"loc":{"start":{"line":123,"column":4},"end":{"line":125,"column":5}},"locations":[{"start":{"line":123,"column":4},"end":{"line":125,"column":5}}]},"27":{"type":"branch","line":104,"loc":{"start":{"line":104,"column":38},"end":{"line":104,"column":67}},"locations":[{"start":{"line":104,"column":38},"end":{"line":104,"column":67}}]},"28":{"type":"branch","line":114,"loc":{"start":{"line":114,"column":17},"end":{"line":115,"column":72}},"locations":[{"start":{"line":114,"column":17},"end":{"line":115,"column":72}}]},"29":{"type":"branch","line":115,"loc":{"start":{"line":115,"column":19},"end":{"line":115,"column":71}},"locations":[{"start":{"line":115,"column":19},"end":{"line":115,"column":71}}]},"30":{"type":"branch","line":115,"loc":{"start":{"line":115,"column":58},"end":{"line":115,"column":71}},"locations":[{"start":{"line":115,"column":58},"end":{"line":115,"column":71}}]}},"b":{"0":[16],"1":[5],"2":[5],"3":[0],"4":[2],"5":[0],"6":[1],"7":[0],"8":[1],"9":[1],"10":[0],"11":[0],"12":[1],"13":[1],"14":[1],"15":[0],"16":[1],"17":[0],"18":[1],"19":[2],"20":[1],"21":[1],"22":[1],"23":[0],"24":[0],"25":[0],"26":[0],"27":[1],"28":[1],"29":[1],"30":[0]},"fnMap":{"0":{"name":"useTasks","decl":{"start":{"line":13,"column":7},"end":{"line":140,"column":1}},"loc":{"start":{"line":13,"column":7},"end":{"line":140,"column":1}},"line":13},"1":{"name":"loadTasks","decl":{"start":{"line":20,"column":22},"end":{"line":27,"column":6}},"loc":{"start":{"line":20,"column":22},"end":{"line":27,"column":6}},"line":20},"2":{"name":"handleAddClick","decl":{"start":{"line":31,"column":25},"end":{"line":34,"column":4}},"loc":{"start":{"line":31,"column":25},"end":{"line":34,"column":4}},"line":31},"3":{"name":"handleInputChange","decl":{"start":{"line":36,"column":28},"end":{"line":39,"column":4}},"loc":{"start":{"line":36,"column":28},"end":{"line":39,"column":4}},"line":36},"4":{"name":"handleAdd","decl":{"start":{"line":46,"column":20},"end":{"line":62,"column":4}},"loc":{"start":{"line":46,"column":20},"end":{"line":62,"column":4}},"line":46},"5":{"name":"handleCancel","decl":{"start":{"line":64,"column":23},"end":{"line":67,"column":4}},"loc":{"start":{"line":64,"column":23},"end":{"line":67,"column":4}},"line":64},"6":{"name":"toggleTask","decl":{"start":{"line":69,"column":21},"end":{"line":81,"column":4}},"loc":{"start":{"line":69,"column":21},"end":{"line":81,"column":4}},"line":69},"7":{"name":"handleDeleteTask","decl":{"start":{"line":83,"column":27},"end":{"line":90,"column":4}},"loc":{"start":{"line":83,"column":27},"end":{"line":90,"column":4}},"line":83},"8":{"name":"handleEditClick","decl":{"start":{"line":92,"column":26},"end":{"line":99,"column":4}},"loc":{"start":{"line":92,"column":26},"end":{"line":99,"column":4}},"line":92},"9":{"name":"handleOK","decl":{"start":{"line":100,"column":19},"end":{"line":126,"column":4}},"loc":{"start":{"line":100,"column":19},"end":{"line":126,"column":4}},"line":100}},"f":{"0":16,"1":5,"2":0,"3":2,"4":1,"5":0,"6":1,"7":1,"8":1,"9":1}}
,"C:\\Users\\Admin\\Desktop\\Vite\\project\\src\\types\\button.ts": {"path":"C:\\Users\\Admin\\Desktop\\Vite\\project\\src\\types\\button.ts","all":true,"statementMap":{},"s":{},"branchMap":{"0":{"type":"branch","line":1,"loc":{"start":{"line":1,"column":205},"end":{"line":6,"column":1}},"locations":[{"start":{"line":1,"column":205},"end":{"line":6,"column":1}}]}},"b":{"0":[1]},"fnMap":{"0":{"name":"(empty-report)","decl":{"start":{"line":1,"column":205},"end":{"line":6,"column":1}},"loc":{"start":{"line":1,"column":205},"end":{"line":6,"column":1}},"line":1}},"f":{"0":1}}
,"C:\\Users\\Admin\\Desktop\\Vite\\project\\src\\types\\iconButton.ts": {"path":"C:\\Users\\Admin\\Desktop\\Vite\\project\\src\\types\\iconButton.ts","all":true,"statementMap":{},"s":{},"branchMap":{"0":{"type":"branch","line":1,"loc":{"start":{"line":1,"column":245},"end":{"line":8,"column":1}},"locations":[{"start":{"line":1,"column":245},"end":{"line":8,"column":1}}]}},"b":{"0":[1]},"fnMap":{"0":{"name":"(empty-report)","decl":{"start":{"line":1,"column":245},"end":{"line":8,"column":1}},"loc":{"start":{"line":1,"column":245},"end":{"line":8,"column":1}},"line":1}},"f":{"0":1}}
,"C:\\Users\\Admin\\Desktop\\Vite\\project\\src\\types\\task.ts": {"path":"C:\\Users\\Admin\\Desktop\\Vite\\project\\src\\types\\task.ts","all":true,"statementMap":{},"s":{},"branchMap":{"0":{"type":"branch","line":1,"loc":{"start":{"line":1,"column":142},"end":{"line":8,"column":1}},"locations":[{"start":{"line":1,"column":142},"end":{"line":8,"column":1}}]}},"b":{"0":[1]},"fnMap":{"0":{"name":"(empty-report)","decl":{"start":{"line":1,"column":142},"end":{"line":8,"column":1}},"loc":{"start":{"line":1,"column":142},"end":{"line":8,"column":1}},"line":1}},"f":{"0":1}}
}
